{"level":"info","message":"Database Connected"}
{"level":"info","message":"Database Connected"}
{"level":"info","message":"Database Connected"}
{"level":"info","message":"Database Connected"}
{"level":"info","message":"server running on port"}
{"level":"info","message":"Database Connected"}
{"level":"info","message":"server running on port"}
{"level":"info","message":"Database Connected"}
{"level":"info","message":"server running on port"}
2023-10-18T08:33:44.383Z [right meow!] info: Database Connected
2023-10-18T08:33:44.388Z [right meow!] info: server running on port
{
  message: 'Database Connected',
  level: 'info',
  label: 'right meow!',
  timestamp: '2023-10-18T08:34:19.010Z'
}
{
  level: 'info',
  message: 'server running on port',
  label: 'right meow!',
  timestamp: '2023-10-18T08:34:19.019Z'
}
{
  message: 'Database Connected',
  level: 'info',
  label: 'right meow!',
  timestamp: '2023-10-18T08:41:11.346Z'
}
{
  level: 'info',
  message: 'server running on port',
  label: 'right meow!',
  timestamp: '2023-10-18T08:41:11.353Z'
}
{
  message: 'Database Connected',
  level: 'info',
  label: 'right meow!',
  timestamp: '2023-10-18T08:41:53.583Z'
}
{
  level: 'info',
  message: 'server running on port',
  label: 'right meow!',
  timestamp: '2023-10-18T08:41:53.591Z'
}
{
  message: 'Database Connected',
  level: 'info',
  label: 'right meow!',
  timestamp: '2023-10-18T08:42:32.906Z'
}
{
  level: 'info',
  message: 'server running on port',
  label: 'right meow!',
  timestamp: '2023-10-18T08:42:32.916Z'
}
{
  message: 'Database Connected',
  level: 'info',
  label: 'right meow!',
  timestamp: '2023-10-18T08:42:41.424Z'
}
{
  level: 'info',
  message: 'server running on port',
  label: 'right meow!',
  timestamp: '2023-10-18T08:42:41.430Z'
}
{
  message: 'Database Connected',
  level: 'info',
  label: 'right meow!',
  timestamp: '2023-10-18T08:43:06.282Z'
}
{
  level: 'info',
  message: 'server running on port',
  label: 'right meow!',
  timestamp: '2023-10-18T08:43:06.288Z'
}
